[debug] [2024-04-26T22:58:07.805Z] ----------------------------------------------------------------------
[debug] [2024-04-26T22:58:07.807Z] Command:       C:\Program Files\nodejs\node.exe C:\Users\Usuario\AppData\Roaming\npm\node_modules\firebase-tools\lib\bin\firebase.js init
[debug] [2024-04-26T22:58:07.807Z] CLI Version:   13.7.5
[debug] [2024-04-26T22:58:07.807Z] Platform:      win32
[debug] [2024-04-26T22:58:07.807Z] Node Version:  v20.12.2
[debug] [2024-04-26T22:58:07.807Z] Time:          Fri Apr 26 2024 19:58:07 GMT-0300 (hora estándar de Argentina)
[debug] [2024-04-26T22:58:07.807Z] ----------------------------------------------------------------------
[debug] 
[debug] [2024-04-26T22:58:07.811Z] > command requires scopes: ["email","openid","https://www.googleapis.com/auth/cloudplatformprojects.readonly","https://www.googleapis.com/auth/firebase","https://www.googleapis.com/auth/cloud-platform"]
[debug] [2024-04-26T22:58:07.811Z] > authorizing via signed-in user (maurodelle7@gmail.com)
[info] 
     ######## #### ########  ######## ########     ###     ######  ########
     ##        ##  ##     ## ##       ##     ##  ##   ##  ##       ##
     ######    ##  ########  ######   ########  #########  ######  ######
     ##        ##  ##    ##  ##       ##     ## ##     ##       ## ##
     ##       #### ##     ## ######## ########  ##     ##  ######  ########

You're about to initialize a Firebase project in this directory:

  C:\Users\Usuario\Desktop\sala-de-juegos

[info] 
=== Project Setup
[info] 
[info] First, let's associate this project directory with a Firebase project.
[info] You can create multiple project aliases by running firebase use --add, 
[info] but for now we'll just set up a default project.
[info] 
[debug] [2024-04-26T22:58:55.297Z] >>> [apiv2][query] GET https://firebase.googleapis.com/v1beta1/projects pageSize=100
[debug] [2024-04-26T22:58:56.220Z] <<< [apiv2][status] GET https://firebase.googleapis.com/v1beta1/projects 200
[debug] [2024-04-26T22:58:56.220Z] <<< [apiv2][body] GET https://firebase.googleapis.com/v1beta1/projects [omitted]
[info] i  Using project sala-juegos-e46aa (sala-juegos) 
[info] 
=== Hosting Setup
[debug] [2024-04-26T22:58:57.676Z] >>> [apiv2][query] GET https://firebase.googleapis.com/v1beta1/projects/sala-juegos-e46aa [none]
[debug] [2024-04-26T22:58:57.959Z] <<< [apiv2][status] GET https://firebase.googleapis.com/v1beta1/projects/sala-juegos-e46aa 200
[debug] [2024-04-26T22:58:57.959Z] <<< [apiv2][body] GET https://firebase.googleapis.com/v1beta1/projects/sala-juegos-e46aa {"projectId":"sala-juegos-e46aa","projectNumber":"160629021929","displayName":"sala-juegos","name":"projects/sala-juegos-e46aa","resources":{"hostingSite":"sala-juegos-e46aa"},"state":"ACTIVE","etag":"1_d4997af6-8694-45c2-9790-62ff3447a7ad"}
[info] 
[info] Your public directory is the folder (relative to your project directory) that
[info] will contain Hosting assets to be uploaded with firebase deploy. If you
[info] have a build process for your assets, use your build's output directory.
[info] 
